Traceback (most recent call last):
  File "/opt/hostedtoolcache/Python/3.10.14/x64/lib/python3.10/site-packages/jupyter_cache/executors/utils.py", line 58, in single_nb_execution
    executenb(
  File "/opt/hostedtoolcache/Python/3.10.14/x64/lib/python3.10/site-packages/nbclient/client.py", line 1314, in execute
    return NotebookClient(nb=nb, resources=resources, km=km, **kwargs).execute()
  File "/opt/hostedtoolcache/Python/3.10.14/x64/lib/python3.10/site-packages/jupyter_core/utils/__init__.py", line 165, in wrapped
    return loop.run_until_complete(inner)
  File "/opt/hostedtoolcache/Python/3.10.14/x64/lib/python3.10/asyncio/base_events.py", line 649, in run_until_complete
    return future.result()
  File "/opt/hostedtoolcache/Python/3.10.14/x64/lib/python3.10/site-packages/nbclient/client.py", line 709, in async_execute
    await self.async_execute_cell(
  File "/opt/hostedtoolcache/Python/3.10.14/x64/lib/python3.10/site-packages/nbclient/client.py", line 1062, in async_execute_cell
    await self._check_raise_for_error(cell, cell_index, exec_reply)
  File "/opt/hostedtoolcache/Python/3.10.14/x64/lib/python3.10/site-packages/nbclient/client.py", line 918, in _check_raise_for_error
    raise CellExecutionError.from_cell_and_msg(cell, exec_reply_content)
nbclient.exceptions.CellExecutionError: An error occurred while executing the following cell:
------------------
h2o = h2o_hamiltonian(verbose=False)

print('====start Trotter====')
t = 10
epsilon = 1e-3
n_perm = 2
error_list_pf1, error_list_pf2 = zip(sparse_trotter_error(h2o.qubit_terms, r=100, t=t), sparse_trotter_error(h2o.qubit_terms, r=10000, t=t))
------------------


[0;31m---------------------------------------------------------------------------[0m
[0;31mFileNotFoundError[0m                         Traceback (most recent call last)
Cell [0;32mIn[2], line 1[0m
[0;32m----> 1[0m h2o [38;5;241m=[39m [43mh2o_hamiltonian[49m[43m([49m[43mverbose[49m[38;5;241;43m=[39;49m[38;5;28;43;01mFalse[39;49;00m[43m)[49m
[1;32m      3[0m [38;5;28mprint[39m([38;5;124m'[39m[38;5;124m====start Trotter====[39m[38;5;124m'[39m)
[1;32m      4[0m t [38;5;241m=[39m [38;5;241m10[39m

File [0;32m~/work/Cookbook-Quantum-Simulation/Cookbook-Quantum-Simulation/fermion_ham.py:118[0m, in [0;36mh2o_hamiltonian.__init__[0;34m(self, verbose)[0m
[1;32m    115[0m [38;5;66;03m# Perform electronic structure calculations and[39;00m
[1;32m    116[0m [38;5;66;03m# obtain Hamiltonian as an InteractionOperator[39;00m
[1;32m    117[0m [38;5;28mself[39m[38;5;241m.[39mmolecule [38;5;241m=[39m MolecularData([38;5;28mself[39m[38;5;241m.[39mgeometry, [38;5;28mself[39m[38;5;241m.[39mbasis, [38;5;28mself[39m[38;5;241m.[39mmultiplicity, [38;5;28mself[39m[38;5;241m.[39mcharge)
[0;32m--> 118[0m [38;5;28;43mself[39;49m[38;5;241;43m.[39;49m[43mmolecule[49m[38;5;241;43m.[39;49m[43mload[49m[43m([49m[43m)[49m
[1;32m    119[0m [38;5;28;01mif[39;00m [38;5;28mself[39m[38;5;241m.[39muse_ActiveSpace:
[1;32m    120[0m     [38;5;28mprint[39m([38;5;124m'[39m[38;5;124m=====Using active space=====[39m[38;5;124m'[39m)

File [0;32m/opt/hostedtoolcache/Python/3.10.14/x64/lib/python3.10/site-packages/openfermion/chem/molecular_data.py:851[0m, in [0;36mMolecularData.load[0;34m(self)[0m
[1;32m    848[0m [38;5;28;01mdef[39;00m [38;5;21mload[39m([38;5;28mself[39m):
[1;32m    849[0m     geometry [38;5;241m=[39m []
[0;32m--> 851[0m     [38;5;28;01mwith[39;00m [43mh5py[49m[38;5;241;43m.[39;49m[43mFile[49m[43m([49m[38;5;124;43m"[39;49m[38;5;132;43;01m{}[39;49;00m[38;5;124;43m.hdf5[39;49m[38;5;124;43m"[39;49m[38;5;241;43m.[39;49m[43mformat[49m[43m([49m[38;5;28;43mself[39;49m[38;5;241;43m.[39;49m[43mfilename[49m[43m)[49m[43m,[49m[43m [49m[38;5;124;43m"[39;49m[38;5;124;43mr[39;49m[38;5;124;43m"[39;49m[43m)[49m [38;5;28;01mas[39;00m f:
[1;32m    852[0m         [38;5;66;03m# Load geometry:[39;00m
[1;32m    853[0m         data [38;5;241m=[39m f[[38;5;124m"[39m[38;5;124mgeometry/atoms[39m[38;5;124m"[39m]
[1;32m    854[0m         [38;5;28;01mif[39;00m data[38;5;241m.[39mshape [38;5;241m!=[39m (()):

File [0;32m/opt/hostedtoolcache/Python/3.10.14/x64/lib/python3.10/site-packages/h5py/_hl/files.py:562[0m, in [0;36mFile.__init__[0;34m(self, name, mode, driver, libver, userblock_size, swmr, rdcc_nslots, rdcc_nbytes, rdcc_w0, track_order, fs_strategy, fs_persist, fs_threshold, fs_page_size, page_buf_size, min_meta_keep, min_raw_keep, locking, alignment_threshold, alignment_interval, meta_block_size, **kwds)[0m
[1;32m    553[0m     fapl [38;5;241m=[39m make_fapl(driver, libver, rdcc_nslots, rdcc_nbytes, rdcc_w0,
[1;32m    554[0m                      locking, page_buf_size, min_meta_keep, min_raw_keep,
[1;32m    555[0m                      alignment_threshold[38;5;241m=[39malignment_threshold,
[1;32m    556[0m                      alignment_interval[38;5;241m=[39malignment_interval,
[1;32m    557[0m                      meta_block_size[38;5;241m=[39mmeta_block_size,
[1;32m    558[0m                      [38;5;241m*[39m[38;5;241m*[39mkwds)
[1;32m    559[0m     fcpl [38;5;241m=[39m make_fcpl(track_order[38;5;241m=[39mtrack_order, fs_strategy[38;5;241m=[39mfs_strategy,
[1;32m    560[0m                      fs_persist[38;5;241m=[39mfs_persist, fs_threshold[38;5;241m=[39mfs_threshold,
[1;32m    561[0m                      fs_page_size[38;5;241m=[39mfs_page_size)
[0;32m--> 562[0m     fid [38;5;241m=[39m [43mmake_fid[49m[43m([49m[43mname[49m[43m,[49m[43m [49m[43mmode[49m[43m,[49m[43m [49m[43muserblock_size[49m[43m,[49m[43m [49m[43mfapl[49m[43m,[49m[43m [49m[43mfcpl[49m[43m,[49m[43m [49m[43mswmr[49m[38;5;241;43m=[39;49m[43mswmr[49m[43m)[49m
[1;32m    564[0m [38;5;28;01mif[39;00m [38;5;28misinstance[39m(libver, [38;5;28mtuple[39m):
[1;32m    565[0m     [38;5;28mself[39m[38;5;241m.[39m_libver [38;5;241m=[39m libver

File [0;32m/opt/hostedtoolcache/Python/3.10.14/x64/lib/python3.10/site-packages/h5py/_hl/files.py:235[0m, in [0;36mmake_fid[0;34m(name, mode, userblock_size, fapl, fcpl, swmr)[0m
[1;32m    233[0m     [38;5;28;01mif[39;00m swmr [38;5;129;01mand[39;00m swmr_support:
[1;32m    234[0m         flags [38;5;241m|[39m[38;5;241m=[39m h5f[38;5;241m.[39mACC_SWMR_READ
[0;32m--> 235[0m     fid [38;5;241m=[39m [43mh5f[49m[38;5;241;43m.[39;49m[43mopen[49m[43m([49m[43mname[49m[43m,[49m[43m [49m[43mflags[49m[43m,[49m[43m [49m[43mfapl[49m[38;5;241;43m=[39;49m[43mfapl[49m[43m)[49m
[1;32m    236[0m [38;5;28;01melif[39;00m mode [38;5;241m==[39m [38;5;124m'[39m[38;5;124mr+[39m[38;5;124m'[39m:
[1;32m    237[0m     fid [38;5;241m=[39m h5f[38;5;241m.[39mopen(name, h5f[38;5;241m.[39mACC_RDWR, fapl[38;5;241m=[39mfapl)

File [0;32mh5py/_objects.pyx:54[0m, in [0;36mh5py._objects.with_phil.wrapper[0;34m()[0m

File [0;32mh5py/_objects.pyx:55[0m, in [0;36mh5py._objects.with_phil.wrapper[0;34m()[0m

File [0;32mh5py/h5f.pyx:102[0m, in [0;36mh5py.h5f.open[0;34m()[0m

[0;31mFileNotFoundError[0m: [Errno 2] Unable to synchronously open file (unable to open file: name = '/opt/hostedtoolcache/Python/3.10.14/x64/lib/python3.10/site-packages/openfermion/testing/data/H2-O1_sto-3g_singlet.hdf5', errno = 2, error message = 'No such file or directory', flags = 0, o_flags = 0)

